<?xml version="1.0" encoding="UTF-8"?>
<!-- Generated by org.testng.reporters.JUnitXMLReporter -->
<testsuite ignored="0" hostname="DESKTOP-D0JLFQF" failures="1" tests="3" name="Default test(failed)" time="21.775" errors="0" timestamp="2023-01-24T11:40:59 IST">
  <testcase classname="PlanetSuperHerosShopTest.PlanetSuperHerosShopTest" name="shop" time="12.691"/>
  <testcase classname="PlanetSuperHerosShopTest.PlanetSuperHerosShopTest" name="NoProductsFound" time="4.215"/>
  <testcase classname="PlanetSuperHerosShopTest.PlanetSuperHerosShopTest" name="joggers" time="4.803">
    <failure type="org.openqa.selenium.ElementClickInterceptedException" message="element click intercepted: Element &amp;lt;div class=&amp;quot;d-inline fc-black cursor-pointer ff-barlow fs-18 fw-500 f-style-normal f-stretch-condensed
lh-normal l-spacing0-18 text-center mx-2 &amp;quot;&amp;gt;...&amp;lt;/div&amp;gt; is not clickable at point (780, 11). Other element would receive the click: &amp;lt;div class=&amp;quot;row d-flex align-items-center&amp;quot;&amp;gt;...&amp;lt;/div&amp;gt;
  (Session info: chrome=109.0.5414.75)
Build info: version: &amp;apos;4.6.0&amp;apos;, revision: &amp;apos;79f1c02ae20&amp;apos;
System info: os.name: &amp;apos;Windows 10&amp;apos;, os.arch: &amp;apos;amd64&amp;apos;, os.version: &amp;apos;10.0&amp;apos;, java.version: &amp;apos;16.0.2&amp;apos;
Driver info: org.openqa.selenium.chrome.ChromeDriver
Command: [9b9d166523edd942609b1ee4f48f3014, clickElement {id=49a809a4-6c0d-4002-b78f-c2eb1532561d}]
Capabilities {acceptInsecureCerts: false, browserName: chrome, browserVersion: 109.0.5414.75, chrome: {chromedriverVersion: 109.0.5414.74 (e7c5703604da..., userDataDir: C:\Users\daduk\AppData\Loca...}, goog:chromeOptions: {debuggerAddress: localhost:59268}, networkConnectionEnabled: false, pageLoadStrategy: normal, platformName: WINDOWS, proxy: Proxy(), se:cdp: ws://localhost:59268/devtoo..., se:cdpVersion: 109.0.5414.75, setWindowRect: true, strictFileInteractability: false, timeouts: {implicit: 0, pageLoad: 300000, script: 30000}, unhandledPromptBehavior: dismiss and notify, webauthn:extension:credBlob: true, webauthn:extension:largeBlob: true, webauthn:virtualAuthenticators: true}
Element: [[ChromeDriver: chrome on WINDOWS (9b9d166523edd942609b1ee4f48f3014)] -&amp;gt; xpath: //div[text()=&amp;apos;Price: High to Low&amp;apos;]]
Session ID: 9b9d166523edd942609b1ee4f48f3014">
      <![CDATA[org.openqa.selenium.ElementClickInterceptedException: element click intercepted: Element <div class="d-inline fc-black cursor-pointer ff-barlow fs-18 fw-500 f-style-normal f-stretch-condensed
lh-normal l-spacing0-18 text-center mx-2 ">...</div> is not clickable at point (780, 11). Other element would receive the click: <div class="row d-flex align-items-center">...</div>
  (Session info: chrome=109.0.5414.75)
Build info: version: '4.6.0', revision: '79f1c02ae20'
System info: os.name: 'Windows 10', os.arch: 'amd64', os.version: '10.0', java.version: '16.0.2'
Driver info: org.openqa.selenium.chrome.ChromeDriver
Command: [9b9d166523edd942609b1ee4f48f3014, clickElement {id=49a809a4-6c0d-4002-b78f-c2eb1532561d}]
Capabilities {acceptInsecureCerts: false, browserName: chrome, browserVersion: 109.0.5414.75, chrome: {chromedriverVersion: 109.0.5414.74 (e7c5703604da..., userDataDir: C:\Users\daduk\AppData\Loca...}, goog:chromeOptions: {debuggerAddress: localhost:59268}, networkConnectionEnabled: false, pageLoadStrategy: normal, platformName: WINDOWS, proxy: Proxy(), se:cdp: ws://localhost:59268/devtoo..., se:cdpVersion: 109.0.5414.75, setWindowRect: true, strictFileInteractability: false, timeouts: {implicit: 0, pageLoad: 300000, script: 30000}, unhandledPromptBehavior: dismiss and notify, webauthn:extension:credBlob: true, webauthn:extension:largeBlob: true, webauthn:virtualAuthenticators: true}
Element: [[ChromeDriver: chrome on WINDOWS (9b9d166523edd942609b1ee4f48f3014)] -> xpath: //div[text()='Price: High to Low']]
Session ID: 9b9d166523edd942609b1ee4f48f3014
at org.openqa.selenium.remote.codec.w3c.W3CHttpResponseCodec.createException(W3CHttpResponseCodec.java:200)
at org.openqa.selenium.remote.codec.w3c.W3CHttpResponseCodec.decode(W3CHttpResponseCodec.java:133)
at org.openqa.selenium.remote.codec.w3c.W3CHttpResponseCodec.decode(W3CHttpResponseCodec.java:53)
at org.openqa.selenium.remote.HttpCommandExecutor.execute(HttpCommandExecutor.java:184)
at org.openqa.selenium.remote.service.DriverCommandExecutor.invokeExecute(DriverCommandExecutor.java:167)
at org.openqa.selenium.remote.service.DriverCommandExecutor.execute(DriverCommandExecutor.java:142)
at org.openqa.selenium.remote.RemoteWebDriver.execute(RemoteWebDriver.java:541)
at org.openqa.selenium.remote.RemoteWebElement.execute(RemoteWebElement.java:257)
at org.openqa.selenium.remote.RemoteWebElement.click(RemoteWebElement.java:78)
at org.openqa.selenium.support.pagefactory.internal.LocatingElementHandler.invoke(LocatingElementHandler.java:52)
at jdk.proxy2/jdk.proxy2.$Proxy17.click(Unknown Source)
at Modul_PlanetSuperHeroesShop_Page.PlanetSuperHerosShopPage.clickToPlanetSuperHerosShopPageHightolow(PlanetSuperHerosShopPage.java:80)
at PlanetSuperHerosShopTest.PlanetSuperHerosShopTest.joggers(PlanetSuperHerosShopTest.java:74)
at java.base/java.util.ArrayList.forEach(ArrayList.java:1511)
... Removed 36 stack frames]]>
    </failure>
  </testcase> <!-- joggers -->
</testsuite> <!-- Default test(failed) -->
