<?xml version="1.0" encoding="UTF-8"?>
<!-- Generated by org.testng.reporters.JUnitXMLReporter -->
<testsuite ignored="0" hostname="DESKTOP-D0JLFQF" failures="1" tests="4" name="Test" time="90.365" errors="0" timestamp="2023-01-26T18:40:26 IST">
  <testcase classname="PlanetSuperHerosShopTest.PlanetSuperHerosShopTest" name="shop" time="46.646"/>
  <testcase classname="PlanetSuperHerosShopTest.PlanetSuperHerosShopTest" name="NoProductsFound" time="13.538"/>
  <testcase classname="PlanetSuperHerosShopTest.PlanetSuperHerosShopTest" name="joggers" time="15.354"/>
  <testcase classname="PlanetSuperHerosShopTest.PlanetSuperHerosShopTest" name="Collectibles" time="14.47">
    <failure type="java.lang.AssertionError" message="expected [Kotobukiya] but found [Oh snap! Something broke and we are looking into it.]">
      <![CDATA[java.lang.AssertionError: expected [Kotobukiya] but found [Oh snap! Something broke and we are looking into it.]
at PlanetSuperHerosShopTest.PlanetSuperHerosShopTest.Collectibles(PlanetSuperHerosShopTest.java:96)
at java.base/java.util.ArrayList.forEach(ArrayList.java:1511)
at java.base/java.util.concurrent.FutureTask.run(FutureTask.java:264)
at java.base/java.util.concurrent.ThreadPoolExecutor.runWorker(ThreadPoolExecutor.java:1130)
at java.base/java.util.concurrent.ThreadPoolExecutor$Worker.run(ThreadPoolExecutor.java:630)
at java.base/java.lang.Thread.run(Thread.java:831)
... Removed 24 stack frames]]>
    </failure>
  </testcase> <!-- Collectibles -->
</testsuite> <!-- Test -->
