<?xml version="1.0" encoding="UTF-8"?>
<!-- Generated by org.testng.reporters.JUnitXMLReporter -->
<testsuite ignored="1" hostname="DESKTOP-D0JLFQF" failures="2" tests="8" name="Test(failed)" time="47.243" errors="0" timestamp="2023-01-26T18:30:34 IST">
  <testcase classname="PlanetsSuperHerosPSH_KidsTest.PlanetsSuperHerosPSH_KidsTest" name="@AfterMethod failedTestCaseSS" time="0.009">
    <failure type="java.lang.NullPointerException" message="Cannot invoke &amp;quot;org.openqa.selenium.TakesScreenshot.getScreenshotAs(org.openqa.selenium.OutputType)&amp;quot; because &amp;quot;driver&amp;quot; is null">
      <![CDATA[java.lang.NullPointerException: Cannot invoke "org.openqa.selenium.TakesScreenshot.getScreenshotAs(org.openqa.selenium.OutputType)" because "driver" is null
at LibraryFiles.UtilityClass.captureScreeShot(UtilityClass.java:51)
at PlanetsSuperHerosPSH_KidsTest.PlanetsSuperHerosPSH_KidsTest.failedTestCaseSS(PlanetsSuperHerosPSH_KidsTest.java:66)
at java.base/java.util.concurrent.ThreadPoolExecutor.runWorker(ThreadPoolExecutor.java:1130)
at java.base/java.util.concurrent.ThreadPoolExecutor$Worker.run(ThreadPoolExecutor.java:630)
at java.base/java.lang.Thread.run(Thread.java:831)
... Removed 17 stack frames]]>
    </failure>
  </testcase> <!-- @AfterMethod failedTestCaseSS -->
  <testcase classname="PlanetsSuperHerosPSH_KidsTest.PlanetsSuperHerosPSH_KidsTest" name="@AfterClass closeBroswer" time="-1.674737989979E9">
    <skipped/>
  </testcase> <!-- @AfterClass closeBroswer -->
  <testcase classname="PlanetsSuperHerosPSH_KidsTest.PlanetsSuperHerosPSH_KidsTest" name="verifyPrice" time="2.353">
    <failure type="java.lang.NullPointerException" message="Cannot invoke &amp;quot;Modul1_PlanetSuperHeroeslogin_Signup_Page.SignUp_Login_Page.inpSignUp_Login_PageserachField(String)&amp;quot; because &amp;quot;this.slp&amp;quot; is null">
      <![CDATA[java.lang.NullPointerException: Cannot invoke "Modul1_PlanetSuperHeroeslogin_Signup_Page.SignUp_Login_Page.inpSignUp_Login_PageserachField(String)" because "this.slp" is null
at PlanetsSuperHerosPSH_KidsTest.PlanetsSuperHerosPSH_KidsTest.verifyPrice(PlanetsSuperHerosPSH_KidsTest.java:50)
at java.base/java.util.concurrent.ThreadPoolExecutor.runWorker(ThreadPoolExecutor.java:1130)
at java.base/java.util.concurrent.ThreadPoolExecutor$Worker.run(ThreadPoolExecutor.java:630)
at java.base/java.lang.Thread.run(Thread.java:831)
... Removed 12 stack frames]]>
    </failure>
  </testcase> <!-- verifyPrice -->
  <testcase classname="Modul2_PlanetSuperHeroesRegistration_Test.HerosRegistrationTest" name="test" time="22.255"/>
  <testcase classname="Modul2_PlanetSuperHeroesRegistration_Test.HerosRegistrationTest" name="RegistrationTitle" time="3.788"/>
  <testcase classname="PlanetSuperHerosShopTest.PlanetSuperHerosShopTest" name="shop" time="28.959"/>
  <testcase classname="Modul2_PlanetSuperHeroesRegistration_Test.HerosRegistrationTest" name="Registration" time="3.132"/>
  <testcase classname="PlanetSuperHerosShopTest.PlanetSuperHerosShopTest" name="NoProductsFound" time="8.894"/>
  <testcase classname="PlanetSuperHerosShopTest.PlanetSuperHerosShopTest" name="joggers" time="5.144"/>
  <testcase classname="PlanetSuperHerosShopTest.PlanetSuperHerosShopTest" name="Collectibles" time="3.794">
    <failure type="java.lang.AssertionError" message="expected [Kotobukiya] but found [Oh snap! Something broke and we are looking into it.]">
      <![CDATA[java.lang.AssertionError: expected [Kotobukiya] but found [Oh snap! Something broke and we are looking into it.]
at PlanetSuperHerosShopTest.PlanetSuperHerosShopTest.Collectibles(PlanetSuperHerosShopTest.java:94)
at java.base/java.util.concurrent.ThreadPoolExecutor.runWorker(ThreadPoolExecutor.java:1130)
at java.base/java.util.concurrent.ThreadPoolExecutor$Worker.run(ThreadPoolExecutor.java:630)
at java.base/java.lang.Thread.run(Thread.java:831)
... Removed 18 stack frames]]>
    </failure>
  </testcase> <!-- Collectibles -->
  <testcase classname="PlanetsSuperHerosPSH_KidsTest.PlanetsSuperHerosPSH_KidsTest" name="test" time="0.0">
    <ignored/>
  </testcase> <!-- test -->
</testsuite> <!-- Test(failed) -->
