<html>
<head>
<title>TestNG:  Test(failed)</title>
<link href="../testng.css" rel="stylesheet" type="text/css" />
<link href="../my-testng.css" rel="stylesheet" type="text/css" />

<style type="text/css">
.log { display: none;} 
.stack-trace { display: none;} 
</style>
<script type="text/javascript">
<!--
function flip(e) {
  current = e.style.display;
  if (current == 'block') {
    e.style.display = 'none';
    return 0;
  }
  else {
    e.style.display = 'block';
    return 1;
  }
}

function toggleBox(szDivId, elem, msg1, msg2)
{
  var res = -1;  if (document.getElementById) {
    res = flip(document.getElementById(szDivId));
  }
  else if (document.all) {
    // this is the way old msie versions work
    res = flip(document.all[szDivId]);
  }
  if(elem) {
    if(res == 0) elem.innerHTML = msg1; else elem.innerHTML = msg2;
  }

}

function toggleAllBoxes() {
  if (document.getElementsByTagName) {
    d = document.getElementsByTagName('div');
    for (i = 0; i < d.length; i++) {
      if (d[i].className == 'log') {
        flip(d[i]);
      }
    }
  }
}

// -->
</script>

</head>
<body>
<h2 align='center'>Test(failed)</h2><table border='1' align="center">
<tr>
<td>Tests passed/Failed/Skipped:</td><td>6/2/0</td>
</tr><tr>
<td>Started on:</td><td>Thu Jan 26 18:29:47 IST 2023</td>
</tr>
<tr><td>Total time:</td><td>47 seconds (47243 ms)</td>
</tr><tr>
<td>Included groups:</td><td></td>
</tr><tr>
<td>Excluded groups:</td><td></td>
</tr>
</table><p/>
<small><i>(Hover the method name to see the test class name)</i></small><p/>
<table width='100%' border='1' class='invocation-failed'>
<tr><td colspan='4' align='center'><b>FAILED CONFIGURATIONS</b></td></tr>
<tr><td><b>Test method</b></td>
<td width="30%"><b>Exception</b></td>
<td width="10%"><b>Time (seconds)</b></td>
<td><b>Instance</b></td>
</tr>
<tr>
<td title='PlanetsSuperHerosPSH_KidsTest.PlanetsSuperHerosPSH_KidsTest.failedTestCaseSS()'><b>failedTestCaseSS</b><br>Test class: PlanetsSuperHerosPSH_KidsTest.PlanetsSuperHerosPSH_KidsTest<br>Parameters: [TestResult name=verifyPrice status=FAILURE method=PlanetsSuperHerosPSH_KidsTest.verifyPrice()[pri:0, instance:PlanetsSuperHerosPSH_KidsTest.PlanetsSuperHerosPSH_KidsTest@121314f7] output={null}]</td>
<td><div><pre>java.lang.NullPointerException: Cannot invoke &quot;org.openqa.selenium.TakesScreenshot.getScreenshotAs(org.openqa.selenium.OutputType)&quot; because &quot;driver&quot; is null
	at LibraryFiles.UtilityClass.captureScreeShot(UtilityClass.java:51)
	at PlanetsSuperHerosPSH_KidsTest.PlanetsSuperHerosPSH_KidsTest.failedTestCaseSS(PlanetsSuperHerosPSH_KidsTest.java:66)
	at java.base/java.util.concurrent.ThreadPoolExecutor.runWorker(ThreadPoolExecutor.java:1130)
	at java.base/java.util.concurrent.ThreadPoolExecutor$Worker.run(ThreadPoolExecutor.java:630)
	at java.base/java.lang.Thread.run(Thread.java:831)
... Removed 17 stack frames</pre></div><a href='#' onClick='toggleBox("stack-trace1640235577", this, "Click to show all stack frames", "Click to hide stack frames")'>Click to show all stack frames</a>
<div class='stack-trace' id='stack-trace1640235577'><pre>java.lang.NullPointerException: Cannot invoke &quot;org.openqa.selenium.TakesScreenshot.getScreenshotAs(org.openqa.selenium.OutputType)&quot; because &quot;driver&quot; is null
	at LibraryFiles.UtilityClass.captureScreeShot(UtilityClass.java:51)
	at PlanetsSuperHerosPSH_KidsTest.PlanetsSuperHerosPSH_KidsTest.failedTestCaseSS(PlanetsSuperHerosPSH_KidsTest.java:66)
	at java.base/jdk.internal.reflect.NativeMethodAccessorImpl.invoke0(Native Method)
	at java.base/jdk.internal.reflect.NativeMethodAccessorImpl.invoke(NativeMethodAccessorImpl.java:78)
	at java.base/jdk.internal.reflect.DelegatingMethodAccessorImpl.invoke(DelegatingMethodAccessorImpl.java:43)
	at java.base/java.lang.reflect.Method.invoke(Method.java:567)
	at org.testng.internal.MethodInvocationHelper.invokeMethod(MethodInvocationHelper.java:133)
	at org.testng.internal.MethodInvocationHelper.invokeMethodConsideringTimeout(MethodInvocationHelper.java:62)
	at org.testng.internal.ConfigInvoker.invokeConfigurationMethod(ConfigInvoker.java:385)
	at org.testng.internal.ConfigInvoker.invokeConfigurations(ConfigInvoker.java:321)
	at org.testng.internal.TestInvoker.runConfigMethods(TestInvoker.java:700)
	at org.testng.internal.TestInvoker.runAfterGroupsConfigurations(TestInvoker.java:676)
	at org.testng.internal.TestInvoker.invokeMethod(TestInvoker.java:660)
	at org.testng.internal.TestInvoker.invokeTestMethod(TestInvoker.java:173)
	at org.testng.internal.MethodRunner.runInSequence(MethodRunner.java:46)
	at org.testng.internal.TestInvoker$MethodInvocationAgent.invoke(TestInvoker.java:824)
	at org.testng.internal.TestInvoker.invokeTestMethods(TestInvoker.java:146)
	at org.testng.internal.TestMethodWorker.invokeTestMethods(TestMethodWorker.java:146)
	at org.testng.internal.TestMethodWorker.run(TestMethodWorker.java:128)
	at java.base/java.util.concurrent.ThreadPoolExecutor.runWorker(ThreadPoolExecutor.java:1130)
	at java.base/java.util.concurrent.ThreadPoolExecutor$Worker.run(ThreadPoolExecutor.java:630)
	at java.base/java.lang.Thread.run(Thread.java:831)
</pre></div></td>
<td>0</td>
<td>PlanetsSuperHerosPSH_KidsTest.PlanetsSuperHerosPSH_KidsTest@121314f7</td></tr>
</table><p>
<table width='100%' border='1' class='invocation-skipped'>
<tr><td colspan='4' align='center'><b>SKIPPED CONFIGURATIONS</b></td></tr>
<tr><td><b>Test method</b></td>
<td width="30%"><b>Exception</b></td>
<td width="10%"><b>Time (seconds)</b></td>
<td><b>Instance</b></td>
</tr>
<tr>
<td title='PlanetsSuperHerosPSH_KidsTest.PlanetsSuperHerosPSH_KidsTest.closeBroswer()'><b>closeBroswer</b><br>Test class: PlanetsSuperHerosPSH_KidsTest.PlanetsSuperHerosPSH_KidsTest</td>
<td></td>
<td>-1674737989</td>
<td>PlanetsSuperHerosPSH_KidsTest.PlanetsSuperHerosPSH_KidsTest@121314f7</td></tr>
</table><p>
<table width='100%' border='1' class='invocation-failed'>
<tr><td colspan='4' align='center'><b>FAILED TESTS</b></td></tr>
<tr><td><b>Test method</b></td>
<td width="30%"><b>Exception</b></td>
<td width="10%"><b>Time (seconds)</b></td>
<td><b>Instance</b></td>
</tr>
<tr>
<td title='PlanetSuperHerosShopTest.PlanetSuperHerosShopTest.Collectibles()'><b>Collectibles</b><br>Test class: PlanetSuperHerosShopTest.PlanetSuperHerosShopTest</td>
<td><div><pre>java.lang.AssertionError: expected [Kotobukiya] but found [Oh snap! Something broke and we are looking into it.]
	at PlanetSuperHerosShopTest.PlanetSuperHerosShopTest.Collectibles(PlanetSuperHerosShopTest.java:94)
	at java.base/java.util.concurrent.ThreadPoolExecutor.runWorker(ThreadPoolExecutor.java:1130)
	at java.base/java.util.concurrent.ThreadPoolExecutor$Worker.run(ThreadPoolExecutor.java:630)
	at java.base/java.lang.Thread.run(Thread.java:831)
... Removed 18 stack frames</pre></div><a href='#' onClick='toggleBox("stack-trace4331839", this, "Click to show all stack frames", "Click to hide stack frames")'>Click to show all stack frames</a>
<div class='stack-trace' id='stack-trace4331839'><pre>java.lang.AssertionError: expected [Kotobukiya] but found [Oh snap! Something broke and we are looking into it.]
	at org.testng.Assert.fail(Assert.java:99)
	at org.testng.Assert.failNotEquals(Assert.java:1037)
	at org.testng.Assert.assertEqualsImpl(Assert.java:140)
	at org.testng.Assert.assertEquals(Assert.java:122)
	at org.testng.Assert.assertEquals(Assert.java:629)
	at org.testng.Assert.assertEquals(Assert.java:639)
	at PlanetSuperHerosShopTest.PlanetSuperHerosShopTest.Collectibles(PlanetSuperHerosShopTest.java:94)
	at java.base/jdk.internal.reflect.NativeMethodAccessorImpl.invoke0(Native Method)
	at java.base/jdk.internal.reflect.NativeMethodAccessorImpl.invoke(NativeMethodAccessorImpl.java:78)
	at java.base/jdk.internal.reflect.DelegatingMethodAccessorImpl.invoke(DelegatingMethodAccessorImpl.java:43)
	at java.base/java.lang.reflect.Method.invoke(Method.java:567)
	at org.testng.internal.MethodInvocationHelper.invokeMethod(MethodInvocationHelper.java:133)
	at org.testng.internal.TestInvoker.invokeMethod(TestInvoker.java:598)
	at org.testng.internal.TestInvoker.invokeTestMethod(TestInvoker.java:173)
	at org.testng.internal.MethodRunner.runInSequence(MethodRunner.java:46)
	at org.testng.internal.TestInvoker$MethodInvocationAgent.invoke(TestInvoker.java:824)
	at org.testng.internal.TestInvoker.invokeTestMethods(TestInvoker.java:146)
	at org.testng.internal.TestMethodWorker.invokeTestMethods(TestMethodWorker.java:146)
	at org.testng.internal.TestMethodWorker.run(TestMethodWorker.java:128)
	at java.base/java.util.concurrent.ThreadPoolExecutor.runWorker(ThreadPoolExecutor.java:1130)
	at java.base/java.util.concurrent.ThreadPoolExecutor$Worker.run(ThreadPoolExecutor.java:630)
	at java.base/java.lang.Thread.run(Thread.java:831)
</pre></div></td>
<td>3</td>
<td>PlanetSuperHerosShopTest.PlanetSuperHerosShopTest@534a5a98</td></tr>
<tr>
<td title='PlanetsSuperHerosPSH_KidsTest.PlanetsSuperHerosPSH_KidsTest.verifyPrice()'><b>verifyPrice</b><br>Test class: PlanetsSuperHerosPSH_KidsTest.PlanetsSuperHerosPSH_KidsTest</td>
<td><div><pre>java.lang.NullPointerException: Cannot invoke &quot;Modul1_PlanetSuperHeroeslogin_Signup_Page.SignUp_Login_Page.inpSignUp_Login_PageserachField(String)&quot; because &quot;this.slp&quot; is null
	at PlanetsSuperHerosPSH_KidsTest.PlanetsSuperHerosPSH_KidsTest.verifyPrice(PlanetsSuperHerosPSH_KidsTest.java:50)
	at java.base/java.util.concurrent.ThreadPoolExecutor.runWorker(ThreadPoolExecutor.java:1130)
	at java.base/java.util.concurrent.ThreadPoolExecutor$Worker.run(ThreadPoolExecutor.java:630)
	at java.base/java.lang.Thread.run(Thread.java:831)
... Removed 12 stack frames</pre></div><a href='#' onClick='toggleBox("stack-trace1013906833", this, "Click to show all stack frames", "Click to hide stack frames")'>Click to show all stack frames</a>
<div class='stack-trace' id='stack-trace1013906833'><pre>java.lang.NullPointerException: Cannot invoke &quot;Modul1_PlanetSuperHeroeslogin_Signup_Page.SignUp_Login_Page.inpSignUp_Login_PageserachField(String)&quot; because &quot;this.slp&quot; is null
	at PlanetsSuperHerosPSH_KidsTest.PlanetsSuperHerosPSH_KidsTest.verifyPrice(PlanetsSuperHerosPSH_KidsTest.java:50)
	at java.base/jdk.internal.reflect.NativeMethodAccessorImpl.invoke0(Native Method)
	at java.base/jdk.internal.reflect.NativeMethodAccessorImpl.invoke(NativeMethodAccessorImpl.java:78)
	at java.base/jdk.internal.reflect.DelegatingMethodAccessorImpl.invoke(DelegatingMethodAccessorImpl.java:43)
	at java.base/java.lang.reflect.Method.invoke(Method.java:567)
	at org.testng.internal.MethodInvocationHelper.invokeMethod(MethodInvocationHelper.java:133)
	at org.testng.internal.TestInvoker.invokeMethod(TestInvoker.java:598)
	at org.testng.internal.TestInvoker.invokeTestMethod(TestInvoker.java:173)
	at org.testng.internal.MethodRunner.runInSequence(MethodRunner.java:46)
	at org.testng.internal.TestInvoker$MethodInvocationAgent.invoke(TestInvoker.java:824)
	at org.testng.internal.TestInvoker.invokeTestMethods(TestInvoker.java:146)
	at org.testng.internal.TestMethodWorker.invokeTestMethods(TestMethodWorker.java:146)
	at org.testng.internal.TestMethodWorker.run(TestMethodWorker.java:128)
	at java.base/java.util.concurrent.ThreadPoolExecutor.runWorker(ThreadPoolExecutor.java:1130)
	at java.base/java.util.concurrent.ThreadPoolExecutor$Worker.run(ThreadPoolExecutor.java:630)
	at java.base/java.lang.Thread.run(Thread.java:831)
</pre></div></td>
<td>2</td>
<td>PlanetsSuperHerosPSH_KidsTest.PlanetsSuperHerosPSH_KidsTest@121314f7</td></tr>
</table><p>
<table width='100%' border='1' class='invocation-passed'>
<tr><td colspan='4' align='center'><b>PASSED TESTS</b></td></tr>
<tr><td><b>Test method</b></td>
<td width="30%"><b>Exception</b></td>
<td width="10%"><b>Time (seconds)</b></td>
<td><b>Instance</b></td>
</tr>
<tr>
<td title='PlanetSuperHerosShopTest.PlanetSuperHerosShopTest.joggers()'><b>joggers</b><br>Test class: PlanetSuperHerosShopTest.PlanetSuperHerosShopTest</td>
<td></td>
<td>5</td>
<td>PlanetSuperHerosShopTest.PlanetSuperHerosShopTest@534a5a98</td></tr>
<tr>
<td title='Modul2_PlanetSuperHeroesRegistration_Test.HerosRegistrationTest.test()'><b>test</b><br>Test class: Modul2_PlanetSuperHeroesRegistration_Test.HerosRegistrationTest</td>
<td></td>
<td>22</td>
<td>Modul2_PlanetSuperHeroesRegistration_Test.HerosRegistrationTest@17497425</td></tr>
<tr>
<td title='PlanetSuperHerosShopTest.PlanetSuperHerosShopTest.NoProductsFound()'><b>NoProductsFound</b><br>Test class: PlanetSuperHerosShopTest.PlanetSuperHerosShopTest</td>
<td></td>
<td>8</td>
<td>PlanetSuperHerosShopTest.PlanetSuperHerosShopTest@534a5a98</td></tr>
<tr>
<td title='Modul2_PlanetSuperHeroesRegistration_Test.HerosRegistrationTest.RegistrationTitle()'><b>RegistrationTitle</b><br>Test class: Modul2_PlanetSuperHeroesRegistration_Test.HerosRegistrationTest<br/>
<a href="#Output-1232379693" onClick='toggleBox("Output-1232379693", this, "Show output", "Hide output");'>Show output</a>

<a href="#Output-1232379693" onClick="toggleAllBoxes();">Show all outputs</a>
<div class='log' id="Output-1232379693">
ReRegistration Title is present<br/>
</div>
</td>
<td></td>
<td>3</td>
<td>Modul2_PlanetSuperHeroesRegistration_Test.HerosRegistrationTest@17497425</td></tr>
<tr>
<td title='PlanetSuperHerosShopTest.PlanetSuperHerosShopTest.shop()'><b>shop</b><br>Test class: PlanetSuperHerosShopTest.PlanetSuperHerosShopTest</td>
<td></td>
<td>28</td>
<td>PlanetSuperHerosShopTest.PlanetSuperHerosShopTest@534a5a98</td></tr>
<tr>
<td title='Modul2_PlanetSuperHeroesRegistration_Test.HerosRegistrationTest.Registration()'><b>Registration</b><br>Test class: Modul2_PlanetSuperHeroesRegistration_Test.HerosRegistrationTest</td>
<td></td>
<td>3</td>
<td>Modul2_PlanetSuperHeroesRegistration_Test.HerosRegistrationTest@17497425</td></tr>
</table><p>
</body>
</html>